# JRE version: OpenJDK Runtime Environment (8.0_202-b03) (build 1.8.0_202-release-1483-b03)
# Java VM: OpenJDK 64-Bit Server VM (25.202-b03 mixed mode windows-amd64 compressed oops)
Heap:
 PSYoungGen      total 364032K, used 24639K [0x00000000e0000000, 0x00000000fb080000, 0x0000000100000000)
  eden space 328192K, 0% used [0x00000000e0000000,0x00000000e0000000,0x00000000f4080000)
  from space 35840K, 68% used [0x00000000f4080000,0x00000000f588fc20,0x00000000f6380000)
  to   space 36864K, 0% used [0x00000000f8c80000,0x00000000f8c80000,0x00000000fb080000)
 ParOldGen       total 143360K, used 84912K [0x00000000a0000000, 0x00000000a8c00000, 0x00000000e0000000)
  object space 143360K, 59% used [0x00000000a0000000,0x00000000a52ec320,0x00000000a8c00000)
 Metaspace       used 154595K, capacity 164160K, committed 164160K, reserved 1191936K
  class space    used 19915K, capacity 21632K, committed 21632K, reserved 1048576K
GC Heap History (10 events):
Event: 4640.356 GC heap after
Heap after GC invocations=25 (full 4):
 PSYoungGen      total 272896K, used 24871K [0x00000000e0000000, 0x00000000f6900000, 0x0000000100000000)
  eden space 233472K, 0% used [0x00000000e0000000,0x00000000e0000000,0x00000000ee400000)
  from space 39424K, 63% used [0x00000000ee400000,0x00000000efc49c68,0x00000000f0a80000)
  to   space 39936K, 0% used [0x00000000f4200000,0x00000000f4200000,0x00000000f6900000)
 ParOldGen       total 143360K, used 70706K [0x00000000a0000000, 0x00000000a8c00000, 0x00000000e0000000)
  object space 143360K, 49% used [0x00000000a0000000,0x00000000a450cac8,0x00000000a8c00000)
 Metaspace       used 120030K, capacity 126024K, committed 126336K, reserved 1159168K
  class space    used 15477K, capacity 16637K, committed 16768K, reserved 1048576K
}
Event: 12328.784 GC heap before
{Heap before GC invocations=26 (full 4):
 PSYoungGen      total 272896K, used 258343K [0x00000000e0000000, 0x00000000f6900000, 0x0000000100000000)
  eden space 233472K, 100% used [0x00000000e0000000,0x00000000ee400000,0x00000000ee400000)
  from space 39424K, 63% used [0x00000000ee400000,0x00000000efc49c68,0x00000000f0a80000)
  to   space 39936K, 0% used [0x00000000f4200000,0x00000000f4200000,0x00000000f6900000)
 ParOldGen       total 143360K, used 70706K [0x00000000a0000000, 0x00000000a8c00000, 0x00000000e0000000)
  object space 143360K, 49% used [0x00000000a0000000,0x00000000a450cac8,0x00000000a8c00000)
 Metaspace       used 129702K, capacity 136466K, committed 136704K, reserved 1167360K
  class space    used 16559K, capacity 17844K, committed 17920K, reserved 1048576K
Event: 12329.134 GC heap after
Heap after GC invocations=26 (full 4):
 PSYoungGen      total 313344K, used 14380K [0x00000000e0000000, 0x00000000f5f80000, 0x0000000100000000)
  eden space 283136K, 0% used [0x00000000e0000000,0x00000000e0000000,0x00000000f1480000)
  from space 30208K, 47% used [0x00000000f4200000,0x00000000f500b308,0x00000000f5f80000)
  to   space 38400K, 0% used [0x00000000f1480000,0x00000000f1480000,0x00000000f3a00000)
 ParOldGen       total 143360K, used 80245K [0x00000000a0000000, 0x00000000a8c00000, 0x00000000e0000000)
  object space 143360K, 55% used [0x00000000a0000000,0x00000000a4e5d710,0x00000000a8c00000)
 Metaspace       used 129702K, capacity 136466K, committed 136704K, reserved 1167360K
  class space    used 16559K, capacity 17844K, committed 17920K, reserved 1048576K
}
Event: 13264.061 GC heap before
{Heap before GC invocations=27 (full 4):
 PSYoungGen      total 313344K, used 297516K [0x00000000e0000000, 0x00000000f5f80000, 0x0000000100000000)
  eden space 283136K, 100% used [0x00000000e0000000,0x00000000f1480000,0x00000000f1480000)
  from space 30208K, 47% used [0x00000000f4200000,0x00000000f500b308,0x00000000f5f80000)
  to   space 38400K, 0% used [0x00000000f1480000,0x00000000f1480000,0x00000000f3a00000)
 ParOldGen       total 143360K, used 80245K [0x00000000a0000000, 0x00000000a8c00000, 0x00000000e0000000)
  object space 143360K, 55% used [0x00000000a0000000,0x00000000a4e5d710,0x00000000a8c00000)
 Metaspace       used 143235K, capacity 150780K, committed 150912K, reserved 1179648K
  class space    used 18316K, capacity 19746K, committed 19840K, reserved 1048576K
Event: 13268.752 GC heap after
Heap after GC invocations=27 (full 4):
 PSYoungGen      total 321536K, used 20380K [0x00000000e0000000, 0x00000000f9100000, 0x0000000100000000)
  eden space 283136K, 0% used [0x00000000e0000000,0x00000000e0000000,0x00000000f1480000)
  from space 38400K, 53% used [0x00000000f1480000,0x00000000f28672d0,0x00000000f3a00000)
  to   space 37376K, 0% used [0x00000000f6c80000,0x00000000f6c80000,0x00000000f9100000)
 ParOldGen       total 143360K, used 84896K [0x00000000a0000000, 0x00000000a8c00000, 0x00000000e0000000)
  object space 143360K, 59% used [0x00000000a0000000,0x00000000a52e8320,0x00000000a8c00000)
 Metaspace       used 143235K, capacity 150780K, committed 150912K, reserved 1179648K
  class space    used 18316K, capacity 19746K, committed 19840K, reserved 1048576K
}
Event: 15368.661 GC heap before
{Heap before GC invocations=28 (full 4):
 PSYoungGen      total 321536K, used 303516K [0x00000000e0000000, 0x00000000f9100000, 0x0000000100000000)
  eden space 283136K, 100% used [0x00000000e0000000,0x00000000f1480000,0x00000000f1480000)
  from space 38400K, 53% used [0x00000000f1480000,0x00000000f28672d0,0x00000000f3a00000)
  to   space 37376K, 0% used [0x00000000f6c80000,0x00000000f6c80000,0x00000000f9100000)
 ParOldGen       total 143360K, used 84896K [0x00000000a0000000, 0x00000000a8c00000, 0x00000000e0000000)
  object space 143360K, 59% used [0x00000000a0000000,0x00000000a52e8320,0x00000000a8c00000)
 Metaspace       used 145876K, capacity 155022K, committed 155392K, reserved 1183744K
  class space    used 18744K, capacity 20360K, committed 20480K, reserved 1048576K
Event: 15370.540 GC heap after
Heap after GC invocations=28 (full 4):
 PSYoungGen      total 354816K, used 18224K [0x00000000e0000000, 0x00000000f8680000, 0x0000000100000000)
  eden space 328192K, 0% used [0x00000000e0000000,0x00000000e0000000,0x00000000f4080000)
  from space 26624K, 68% used [0x00000000f6c80000,0x00000000f7e4c0b0,0x00000000f8680000)
  to   space 35840K, 0% used [0x00000000f4080000,0x00000000f4080000,0x00000000f6380000)
 ParOldGen       total 143360K, used 84904K [0x00000000a0000000, 0x00000000a8c00000, 0x00000000e0000000)
  object space 143360K, 59% used [0x00000000a0000000,0x00000000a52ea320,0x00000000a8c00000)
 Metaspace       used 145876K, capacity 155022K, committed 155392K, reserved 1183744K
  class space    used 18744K, capacity 20360K, committed 20480K, reserved 1048576K
}
Event: 15389.378 GC heap before
{Heap before GC invocations=29 (full 4):
 PSYoungGen      total 354816K, used 125936K [0x00000000e0000000, 0x00000000f8680000, 0x0000000100000000)
  eden space 328192K, 32% used [0x00000000e0000000,0x00000000e6930290,0x00000000f4080000)
  from space 26624K, 68% used [0x00000000f6c80000,0x00000000f7e4c0b0,0x00000000f8680000)
  to   space 35840K, 0% used [0x00000000f4080000,0x00000000f4080000,0x00000000f6380000)
 ParOldGen       total 143360K, used 84904K [0x00000000a0000000, 0x00000000a8c00000, 0x00000000e0000000)
  object space 143360K, 59% used [0x00000000a0000000,0x00000000a52ea320,0x00000000a8c00000)
 Metaspace       used 154595K, capacity 164160K, committed 164160K, reserved 1191936K
  class space    used 19915K, capacity 21632K, committed 21632K, reserved 1048576K
Event: 15390.127 GC heap after
Heap after GC invocations=29 (full 4):
 PSYoungGen      total 364032K, used 24639K [0x00000000e0000000, 0x00000000fb080000, 0x0000000100000000)
  eden space 328192K, 0% used [0x00000000e0000000,0x00000000e0000000,0x00000000f4080000)
  from space 35840K, 68% used [0x00000000f4080000,0x00000000f588fc20,0x00000000f6380000)
  to   space 36864K, 0% used [0x00000000f8c80000,0x00000000f8c80000,0x00000000fb080000)
 ParOldGen       total 143360K, used 84912K [0x00000000a0000000, 0x00000000a8c00000, 0x00000000e0000000)
  object space 143360K, 59% used [0x00000000a0000000,0x00000000a52ec320,0x00000000a8c00000)
 Metaspace       used 154595K, capacity 164160K, committed 164160K, reserved 1191936K
  class space    used 19915K, capacity 21632K, committed 21632K, reserved 1048576K
}
Event: 15390.127 GC heap before
{Heap before GC invocations=30 (full 5):
 PSYoungGen      total 364032K, used 24639K [0x00000000e0000000, 0x00000000fb080000, 0x0000000100000000)
  eden space 328192K, 0% used [0x00000000e0000000,0x00000000e0000000,0x00000000f4080000)
  from space 35840K, 68% used [0x00000000f4080000,0x00000000f588fc20,0x00000000f6380000)
  to   space 36864K, 0% used [0x00000000f8c80000,0x00000000f8c80000,0x00000000fb080000)
 ParOldGen       total 143360K, used 84912K [0x00000000a0000000, 0x00000000a8c00000, 0x00000000e0000000)
  object space 143360K, 59% used [0x00000000a0000000,0x00000000a52ec320,0x00000000a8c00000)
 Metaspace       used 154595K, capacity 164160K, committed 164160K, reserved 1191936K
  class space    used 19915K, capacity 21632K, committed 21632K, reserved 1048576K

